<?xml version="1.0" encoding="UTF-8"?>
<!-- Generated by org.testng.reporters.JUnitXMLReporter -->
<testsuite ignored="0" hostname="LAPTOP-RLPANHF6" failures="0" tests="3" name="testRunner-2" time="56.747" errors="0" timestamp="2021-08-24T17:19:25 IST">
  <testcase classname="com.vtiger.comcast.orgtest.CreateOrgtest" name="createOrganisationWithIndustry" time="0.002"/>
  <testcase classname="com.vtiger.comcast.orgtest.CreateOrgtest" name="createOrganisationeWithRating" time="0.003"/>
  <testcase classname="com.vtiger.comcast.orgtest.CreateOrgtest" name="createOrganizationTest" time="0.004"/>
</testsuite> <!-- testRunner-2 -->
