<?xml version="1.0" encoding="UTF-8"?>
<!-- Generated by org.testng.reporters.JUnitXMLReporter -->
<testsuite ignored="0" hostname="LAPTOP-RLPANHF6" failures="0" tests="3" name="testRunner-1" time="102.144" errors="0" timestamp="2021-08-24T17:20:11 IST">
  <testcase classname="com.vtiger.comcast.productstest.CreateProduct1Test" name="createProTest" time="25.453"/>
  <testcase classname="com.vtiger.comcast.productstest.CreateProduct1Test" name="quickCreateProTest" time="23.673"/>
  <testcase classname="com.vtiger.comcast.productstest.SearchProductTest" name="searchProduct" time="10.121"/>
</testsuite> <!-- testRunner-1 -->
